DEBUG:urllib3.connectionpool:Starting new HTTPS connection (1): api.vk.com:443
DEBUG:urllib3.connectionpool:https://api.vk.com:443 "GET /method/photos.get?access_token=vk1.a.AtICFT9YajUwqXOy1Szozl4oN3-DF7N3oJiIJ-tGlvT8mxvvVP6JxS6GwsFTOjtqAth7ZpUj3BqjJLJO9JiC4Gyx5WdMMFeYMkFdhaXeqXcFVCQXELmVj1uSPr7idJmsxKD8-BxThfVpvfsfdDOeYk-_vOVs4fjkWYIb-Xf4X_9hg0P0RkiOT_ybwjghfBhb&v=5.199&owner_id=81921805&album_id=profile&rev=1&extended=1&photo_sizes=1&count=7 HTTP/1.1" 200 5745
DEBUG:urllib3.connectionpool:Starting new HTTPS connection (1): cloud-api.yandex.net:443
DEBUG:urllib3.connectionpool:https://cloud-api.yandex.net:443 "PUT /v1/disk/resources?path=VKAvatars HTTP/1.1" 409 253
DEBUG:urllib3.connectionpool:Starting new HTTPS connection (1): cloud-api.yandex.net:443
DEBUG:urllib3.connectionpool:https://cloud-api.yandex.net:443 "POST /v1/disk/resources/upload?path=VKAvatars%2F7.jpg&url=https%3A%2F%2Fsun9-38.userapi.com%2Fimpg%2FzO_BvrbtJ2IFLh1AKUccN7r8BoGC1rgJXwgkGg%2FkGmppzOHCJ0.jpg%3Fsize%3D1620x2160%26quality%3D95%26sign%3Db9790421779109ba2bfb5dc6673c849b%26c_uniq_tag%3DHYdtD8cFB1ldsLxPHUggnBSJAr6wLpu-yg-RbLTtx38%26type%3Dalbum HTTP/1.1" 202 156
DEBUG:urllib3.connectionpool:Starting new HTTPS connection (1): cloud-api.yandex.net:443
DEBUG:urllib3.connectionpool:https://cloud-api.yandex.net:443 "POST /v1/disk/resources/upload?path=VKAvatars%2F11.jpg&url=https%3A%2F%2Fsun9-8.userapi.com%2Fimpg%2FJH98hJDJy8nFRa5JVPeuQTYR3Ys9X6reDUpFKQ%2FLPZ3Tzvs1jw.jpg%3Fsize%3D1621x2160%26quality%3D95%26sign%3Dcdd9930576493305306343a73e804b46%26c_uniq_tag%3D-q2WPWYneoSP3PFKefv0DoztxpyZf0rFl8UGzq1vzJc%26type%3Dalbum HTTP/1.1" 202 156
DEBUG:urllib3.connectionpool:Starting new HTTPS connection (1): cloud-api.yandex.net:443
DEBUG:urllib3.connectionpool:https://cloud-api.yandex.net:443 "POST /v1/disk/resources/upload?path=VKAvatars%2F18.jpg&url=https%3A%2F%2Fsun9-7.userapi.com%2Fimpg%2FDvpoN6pvVCGwkslsk2_dArhHuOj4i66N401mag%2FGtFgCCNub2A.jpg%3Fsize%3D2560x1920%26quality%3D96%26sign%3D99bc9b6a98d73805184083f9d731f95c%26c_uniq_tag%3DJr6LqSpnFQpU_bV2rx09wUAyIFZIRIdrwc48MFXLsdo%26type%3Dalbum HTTP/1.1" 202 156
DEBUG:urllib3.connectionpool:Starting new HTTPS connection (1): cloud-api.yandex.net:443
DEBUG:urllib3.connectionpool:https://cloud-api.yandex.net:443 "POST /v1/disk/resources/upload?path=VKAvatars%2F28.jpg&url=https%3A%2F%2Fsun9-22.userapi.com%2Fimpf%2Fc850016%2Fv850016287%2F12d891%2FL3kp8l90jiw.jpg%3Fsize%3D1620x2160%26quality%3D96%26sign%3D2f3a1e97d48012c9c21f40237815f724%26c_uniq_tag%3DMM5UwapzM5tq-v1cNWT6nlHhgZFjvePeQGAVwYkdHTM%26type%3Dalbum HTTP/1.1" 202 156
DEBUG:urllib3.connectionpool:Starting new HTTPS connection (1): cloud-api.yandex.net:443
DEBUG:urllib3.connectionpool:https://cloud-api.yandex.net:443 "POST /v1/disk/resources/upload?path=VKAvatars%2F19.jpg&url=https%3A%2F%2Fsun9-78.userapi.com%2Fimpf%2Fc846323%2Fv846323960%2Fb70c0%2Fy2tiZAQEz3I.jpg%3Fsize%3D1620x2160%26quality%3D96%26sign%3Dd988b2fb0b10e83f5f5f9163486de495%26c_uniq_tag%3DCvkD4bvMmIPU7dNJMpRgJ0fUafkXm7fefz_kzVUFvck%26type%3Dalbum HTTP/1.1" 202 156
DEBUG:urllib3.connectionpool:Starting new HTTPS connection (1): cloud-api.yandex.net:443
DEBUG:urllib3.connectionpool:https://cloud-api.yandex.net:443 "POST /v1/disk/resources/upload?path=VKAvatars%2F18_1530210744.jpg&url=https%3A%2F%2Fsun9-9.userapi.com%2Fimpf%2Fc834304%2Fv834304788%2Fc7061%2FAXOBd9IXGAI.jpg%3Fsize%3D1620x2160%26quality%3D96%26sign%3Da15157d8b409a73272fb03ed3842062c%26c_uniq_tag%3Db3OgMa2RE6wAxWXz9MuLEICv0AAQ_kbqObVTQn99GBw%26type%3Dalbum HTTP/1.1" 202 156
DEBUG:urllib3.connectionpool:Starting new HTTPS connection (1): cloud-api.yandex.net:443
DEBUG:urllib3.connectionpool:https://cloud-api.yandex.net:443 "POST /v1/disk/resources/upload?path=VKAvatars%2F18_1502269767.jpg&url=https%3A%2F%2Fsun9-76.userapi.com%2Fimpf%2Fc638119%2Fv638119725%2F5a2e0%2FntaEGsMdfCo.jpg%3Fsize%3D720x899%26quality%3D96%26sign%3Db4a8bcbba6fc40cddaff456cd6924bef%26c_uniq_tag%3Dw5nGyT4-CgM76espHzM0rhvZE4NKN236Zmga5sEus0c%26type%3Dalbum HTTP/1.1" 202 156
DEBUG:urllib3.connectionpool:Starting new HTTPS connection (1): api.vk.com:443
DEBUG:urllib3.connectionpool:https://api.vk.com:443 "GET /method/photos.get?access_token=vk1.a.AtICFT9YajUwqXOy1Szozl4oN3-DF7N3oJiIJ-tGlvT8mxvvVP6JxS6GwsFTOjtqAth7ZpUj3BqjJLJO9JiC4Gyx5WdMMFeYMkFdhaXeqXcFVCQXELmVj1uSPr7idJmsxKD8-BxThfVpvfsfdDOeYk-_vOVs4fjkWYIb-Xf4X_9hg0P0RkiOT_ybwjghfBhb&v=5.199&owner_id=81921805&album_id=profile&rev=1&extended=1&photo_sizes=1&count=6 HTTP/1.1" 200 5024
DEBUG:urllib3.connectionpool:Starting new HTTPS connection (1): cloud-api.yandex.net:443
DEBUG:urllib3.connectionpool:https://cloud-api.yandex.net:443 "PUT /v1/disk/resources?path=VKAvatars HTTP/1.1" 409 253
DEBUG:urllib3.connectionpool:Starting new HTTPS connection (1): cloud-api.yandex.net:443
DEBUG:urllib3.connectionpool:https://cloud-api.yandex.net:443 "POST /v1/disk/resources/upload?path=VKAvatars%2F7.jpg&url=https%3A%2F%2Fsun9-38.userapi.com%2Fimpg%2FzO_BvrbtJ2IFLh1AKUccN7r8BoGC1rgJXwgkGg%2FkGmppzOHCJ0.jpg%3Fsize%3D1620x2160%26quality%3D95%26sign%3Db9790421779109ba2bfb5dc6673c849b%26c_uniq_tag%3DHYdtD8cFB1ldsLxPHUggnBSJAr6wLpu-yg-RbLTtx38%26type%3Dalbum HTTP/1.1" 202 156
DEBUG:urllib3.connectionpool:Starting new HTTPS connection (1): cloud-api.yandex.net:443
DEBUG:urllib3.connectionpool:https://cloud-api.yandex.net:443 "POST /v1/disk/resources/upload?path=VKAvatars%2F11.jpg&url=https%3A%2F%2Fsun9-8.userapi.com%2Fimpg%2FJH98hJDJy8nFRa5JVPeuQTYR3Ys9X6reDUpFKQ%2FLPZ3Tzvs1jw.jpg%3Fsize%3D1621x2160%26quality%3D95%26sign%3Dcdd9930576493305306343a73e804b46%26c_uniq_tag%3D-q2WPWYneoSP3PFKefv0DoztxpyZf0rFl8UGzq1vzJc%26type%3Dalbum HTTP/1.1" 202 156
DEBUG:urllib3.connectionpool:Starting new HTTPS connection (1): cloud-api.yandex.net:443
DEBUG:urllib3.connectionpool:https://cloud-api.yandex.net:443 "POST /v1/disk/resources/upload?path=VKAvatars%2F18.jpg&url=https%3A%2F%2Fsun9-7.userapi.com%2Fimpg%2FDvpoN6pvVCGwkslsk2_dArhHuOj4i66N401mag%2FGtFgCCNub2A.jpg%3Fsize%3D2560x1920%26quality%3D96%26sign%3D99bc9b6a98d73805184083f9d731f95c%26c_uniq_tag%3DJr6LqSpnFQpU_bV2rx09wUAyIFZIRIdrwc48MFXLsdo%26type%3Dalbum HTTP/1.1" 202 156
DEBUG:urllib3.connectionpool:Starting new HTTPS connection (1): cloud-api.yandex.net:443
DEBUG:urllib3.connectionpool:https://cloud-api.yandex.net:443 "POST /v1/disk/resources/upload?path=VKAvatars%2F28.jpg&url=https%3A%2F%2Fsun9-22.userapi.com%2Fimpf%2Fc850016%2Fv850016287%2F12d891%2FL3kp8l90jiw.jpg%3Fsize%3D1620x2160%26quality%3D96%26sign%3D2f3a1e97d48012c9c21f40237815f724%26c_uniq_tag%3DMM5UwapzM5tq-v1cNWT6nlHhgZFjvePeQGAVwYkdHTM%26type%3Dalbum HTTP/1.1" 202 156
DEBUG:urllib3.connectionpool:Starting new HTTPS connection (1): cloud-api.yandex.net:443
DEBUG:urllib3.connectionpool:https://cloud-api.yandex.net:443 "POST /v1/disk/resources/upload?path=VKAvatars%2F19.jpg&url=https%3A%2F%2Fsun9-78.userapi.com%2Fimpf%2Fc846323%2Fv846323960%2Fb70c0%2Fy2tiZAQEz3I.jpg%3Fsize%3D1620x2160%26quality%3D96%26sign%3Dd988b2fb0b10e83f5f5f9163486de495%26c_uniq_tag%3DCvkD4bvMmIPU7dNJMpRgJ0fUafkXm7fefz_kzVUFvck%26type%3Dalbum HTTP/1.1" 202 156
DEBUG:urllib3.connectionpool:Starting new HTTPS connection (1): cloud-api.yandex.net:443
DEBUG:urllib3.connectionpool:https://cloud-api.yandex.net:443 "POST /v1/disk/resources/upload?path=VKAvatars%2F18_1530210744.jpg&url=https%3A%2F%2Fsun9-9.userapi.com%2Fimpf%2Fc834304%2Fv834304788%2Fc7061%2FAXOBd9IXGAI.jpg%3Fsize%3D1620x2160%26quality%3D96%26sign%3Da15157d8b409a73272fb03ed3842062c%26c_uniq_tag%3Db3OgMa2RE6wAxWXz9MuLEICv0AAQ_kbqObVTQn99GBw%26type%3Dalbum HTTP/1.1" 202 156
